


materialPath: c:\program files\steam\steamapps\SourceMods\dpb\materials
Loading C:\Program Files\Steam\steamapps\neoglitch@inuyasha.nu\sourcesdk_content\dpb\mapsrc\dpb_ontop.vmf
fixing up env_cubemap materials on brush sides...
Material glass/glasswindowbreak070b is depending on itself through materialvar $crackmaterial! Ignoring...
Material glass/glasswindowbreak070b is depending on itself through materialvar $crackmaterial! Ignoring...
Material glass/glasswindowbreak070b is depending on itself through materialvar $crackmaterial! Ignoring...
0...1...2...3...4...5...6...7...8...9...100...1...2...3...4...5...6...7...8...9...10Processing areas...done (0)
Building Faces...done (0)
Occluder "" straddles multiple areas. This is invalid!
Occluder "" straddles multiple areas. This is invalid!
Occluder "" straddles multiple areas. This is invalid!
Chop Details...done (0)
Find Visible Detail Sides...
Merged 164 detail faces...done (0)
Merging details...done (0)
FixTjuncs...
PruneNodes...
WriteBSP...
done (1)
writing C:\Program Files\Steam\steamapps\neoglitch@inuyasha.nu\sourcesdk_content\dpb\mapsrc\dpb_ontop.prt...done (0)
Creating default cubemaps for env_cubemap using skybox materials:
skybox/sky_day01_09*.vmt
Run buildcubemaps in the engine to get the correct cube maps.

No such variable "$hdrbasetexture" for material "skybox/sky_day01_09rt"
Can't load skybox file skybox/sky_day01_09 to build the default cubemap!
Finding displacement neighbors...
Finding lightmap sample positions...
Displacement Alpha : 0...1...2...3...4...5...6...7...8...9...10
Building Physics collision data...
done (0) (282231 bytes)
Placing detail props : 0...1...2...3...4...5...6...7...8...9...10
Compacting texture/material tables...
Reduced 1556 texinfos to 906
Reduced 232 texdatas to 206 (7839 bytes to 7024)
Writing C:\Program Files\Steam\steamapps\neoglitch@inuyasha.nu\sourcesdk_content\dpb\mapsrc\dpb_ontop.bsp
7 seconds elapsed



1 threads
reading c:\program files\steam\steamapps\neoglitch@inuyasha.nu\sourcesdk_content\dpb\mapsrc\dpb_ontop.bsp
reading c:\program files\steam\steamapps\neoglitch@inuyasha.nu\sourcesdk_content\dpb\mapsrc\dpb_ontop.prt
 679 portalclusters
2222 numportals
0...1...2...3...4...5...6...7...8...9...100...1...2...3...4...5...6...7...8...9...10Optimized: 464 visible clusters (0.00%)
Total clusters visible: 161971
Average clusters visible: 238
Building PAS...
Average clusters audible: 505
visdatasize:99896  compressed from 119504
writing c:\program files\steam\steamapps\neoglitch@inuyasha.nu\sourcesdk_content\dpb\mapsrc\dpb_ontop.bsp
5 minutes, 11 seconds elapsed



[Reading texlights from 'lights.rad']
[45 texlights parsed from 'lights.rad']

Loading c:\program files\steam\steamapps\neoglitch@inuyasha.nu\sourcesdk_content\dpb\mapsrc\dpb_ontop.bsp
3265 faces
1132721 square feet [163111920.00 square inches]
97 displacements
260482 square feet [37509412.00 square inches]
3265 patches before subdivision
52179 patches after subdivision
156 direct lights
0...1...2...3...4...5...6...7...8...9...100...1...2...3...4...5...6...7...8...9...10transfers 9039322, max 1027
transfer lists:  69.0 megs
0...1...2...3...4...5...6...7...8...9...10	Bounce #1 added RGB(81415, 136551, 104723)
0...1...2...3...4...5...6...7...8...9...10	Bounce #2 added RGB(12113, 23660, 12299)
0...1...2...3...4...5...6...7...8...9...10	Bounce #3 added RGB(2175, 4581, 2094)
0...1...2...3...4...5...6...7...8...9...10	Bounce #4 added RGB(437, 924, 340)
0...1...2...3...4...5...6...7...8...9...10	Bounce #5 added RGB(92, 193, 67)
0...1...2...3...4...5...6...7...8...9...10	Bounce #6 added RGB(21, 42, 13)
0...1...2...3...4...5...6...7...8...9...10	Bounce #7 added RGB(5, 9, 3)
0...1...2...3...4...5...6...7...8...9...10	Bounce #8 added RGB(1, 2, 1)
0...1...2...3...4...5...6...7...8...9...10	Bounce #9 added RGB(0, 1, 0)
Build Patch/Sample Hash Table(s).....Done<0.0635 sec>
0...1...2...3...4...5...6...7...8...9...10FinalLightFace Done
0 of 14 (0% of) surface lights went in leaf ambient cubes.
ComputePerLeafAmbientLighting: 0...1...2...3...4...5...6...7...8...9...10
Ready to Finish

Object names       Objects/Maxobjs  Memory / Maxmem  Fullness 
------------       ---------------  ---------------  -------- 
models                  49/1024         2352/49152    ( 4.8%) 
brushes                702/8192         8424/98304    ( 8.6%) 
brushsides            4649/65536       37192/524288   ( 7.1%) 
planes                3524/65536       70480/1310720  ( 5.4%) 
vertexes              7150/65536       85800/786432   (10.9%) 
nodes                 1604/65536       51328/2097152  ( 2.4%) 
texinfos               906/12288       65232/884736   ( 7.4%) 
texdata                206/2048         6592/65536    (10.1%) 
dispinfos               97/0           17072/0        ( 0.0%) 
disp_verts            6761/0          135220/0        ( 0.0%) 
disp_tris            10592/0           21184/0        ( 0.0%) 
disp_lmsamples      614489/0          614489/0        ( 0.0%) 
faces                 3265/65536      182840/3670016  ( 5.0%) 
hdr faces                0/65536           0/3670016  ( 0.0%) 
origfaces             1821/65536      101976/3670016  ( 2.8%) 
leaves                1654/65536       52928/2097152  ( 2.5%) 
leaffaces             3936/65536        7872/131072   ( 6.0%) 
leafbrushes           1654/65536        3308/131072   ( 2.5%) 
areas                    5/256            40/2048     ( 2.0%) 
surfedges            23227/512000      92908/2048000  ( 4.5%) 
edges                15209/256000      60836/1024000  ( 5.9%) 
LDR worldlights        155/8192        13640/720896   ( 1.9%) 
HDR worldlights          0/8192            0/720896   ( 0.0%) 
waterstrips            391/32768        3910/327680   ( 1.2%) 
waterverts               0/65536           0/786432   ( 0.0%) 
waterindices          7437/65536       14874/131072   (11.3%) 
cubemapsamples          38/1024          608/16384    ( 3.7%) 
overlays                 8/512          2816/180224   ( 1.6%) 
LDR lightdata         [variable]     3151784/0        ( 0.0%) 
HDR lightdata         [variable]           0/0        ( 0.0%) 
visdata               [variable]       99896/16777216 ( 0.6%) 
entdata               [variable]      117272/393216   (29.8%) 
LDR leaf ambient      1654/65536       39696/1572864  ( 2.5%) 
HDR leaf ambient         0/65536           0/1572864  ( 0.0%) 
occluders                1/0              40/0        ( 0.0%) 
occluder polygons        2/0              24/0        ( 0.0%) 
occluder vert ind        8/0              32/0        ( 0.0%) 
detail props          [variable]           1/12       ( 8.3%) 
static props          [variable]           1/33836    ( 0.0%) 
pakfile               [variable]      421252/0        ( 0.0%) 

Level flags = 0

Win32 Specific Data:
physics               [variable]      282231/4194304  ( 6.7%) 
==== Total Win32 BSP file data space used: 5766150 bytes ====

Total triangle count: 9368
Writing c:\program files\steam\steamapps\neoglitch@inuyasha.nu\sourcesdk_content\dpb\mapsrc\dpb_ontop.bsp
9 minutes, 14 seconds elapsed



materialPath: c:\program files\steam\steamapps\SourceMods\dpb\materials
Loading C:\Program Files\Steam\steamapps\neoglitch@inuyasha.nu\sourcesdk_content\dpb\mapsrc\dpb_ontop.vmf
fixing up env_cubemap materials on brush sides...
0...1...2...3...4...5...6...7...8...9...100...1...2...3...4...5...6...7...8...9...10Processing areas...done (0)
Building Faces...done (0)
Chop Details...done (0)
Find Visible Detail Sides...
Merged 56 detail faces...done (0)
Merging details...done (0)
FixTjuncs...
PruneNodes...
WriteBSP...
done (0)
writing C:\Program Files\Steam\steamapps\neoglitch@inuyasha.nu\sourcesdk_content\dpb\mapsrc\dpb_ontop.prt...done (0)
Creating default cubemaps for env_cubemap using skybox materials:
skybox/sky_day01_09*.vmt
Run buildcubemaps in the engine to get the correct cube maps.

No such variable "$hdrbasetexture" for material "skybox/sky_day01_09rt"
Can't load skybox file skybox/sky_day01_09 to build the default cubemap!
Finding displacement neighbors...
Finding lightmap sample positions...
Displacement Alpha : 0...1...2...3...4...5...6...7...8...9...10
Building Physics collision data...
done (0) (55364 bytes)
Placing detail props : 0...1...2...3...4...5...6...7...8...9...10
Compacting texture/material tables...
Reduced 308 texinfos to 154
Reduced 54 texdatas to 48 (1785 bytes to 1617)
Writing C:\Program Files\Steam\steamapps\neoglitch@inuyasha.nu\sourcesdk_content\dpb\mapsrc\dpb_ontop.bsp
3 seconds elapsed



1 threads
reading c:\program files\steam\steamapps\neoglitch@inuyasha.nu\sourcesdk_content\dpb\mapsrc\dpb_ontop.bsp
reading c:\program files\steam\steamapps\neoglitch@inuyasha.nu\sourcesdk_content\dpb\mapsrc\dpb_ontop.prt
 125 portalclusters
 401 numportals
0...1...2...3...4...5...6...7...8...9...10Optimized: 270 visible clusters (0.00%)
Total clusters visible: 12901
Average clusters visible: 103
Building PAS...
Average clusters audible: 125
visdatasize:5030  compressed from 4000
writing c:\program files\steam\steamapps\neoglitch@inuyasha.nu\sourcesdk_content\dpb\mapsrc\dpb_ontop.bsp
0 seconds elapsed



[Reading texlights from 'lights.rad']
[45 texlights parsed from 'lights.rad']

Loading c:\program files\steam\steamapps\neoglitch@inuyasha.nu\sourcesdk_content\dpb\mapsrc\dpb_ontop.bsp
737 faces
128954 square feet [18569398.00 square inches]
25 displacements
530 square feet [76438.29 square inches]
737 patches before subdivision
9599 patches after subdivision
66 direct lights
0...1...2...3...4...5...6...7...8...9...100...1...2...3...4...5...6...7...8...9...10transfers 1201823, max 514
transfer lists:   9.2 megs
0...1...2...3...4...5...6...7...8...9...10	Bounce #1 added RGB(15547, 23966, 16526)
0...1...2...3...4...5...6...7...8...9...10	Bounce #2 added RGB(1750, 2649, 1547)
0...1...2...3...4...5...6...7...8...9...10	Bounce #3 added RGB(244, 406, 188)
0...1...2...3...4...5...6...7...8...9...10	Bounce #4 added RGB(33, 57, 22)
0...1...2...3...4...5...6...7...8...9...10	Bounce #5 added RGB(5, 9, 3)
0...1...2...3...4...5...6...7...8...9...10	Bounce #6 added RGB(1, 1, 0)
0...1...2...3...4...5...6...7...8...9...10	Bounce #7 added RGB(0, 0, 0)
Build Patch/Sample Hash Table(s).....Done<0.0088 sec>
0...1...2...3...4...5...6...7...8...9...10FinalLightFace Done
0 of 0 (0% of) surface lights went in leaf ambient cubes.
ComputePerLeafAmbientLighting: 0...1...2...3...4...5...6...7...8...9...10
Ready to Finish

Object names       Objects/Maxobjs  Memory / Maxmem  Fullness 
------------       ---------------  ---------------  -------- 
models                   9/1024          432/49152    ( 0.9%) 
brushes                130/8192         1560/98304    ( 1.6%) 
brushsides             865/65536        6920/524288   ( 1.3%) 
planes                1062/65536       21240/1310720  ( 1.6%) 
vertexes              1492/65536       17904/786432   ( 2.3%) 
nodes                  317/65536       10144/2097152  ( 0.5%) 
texinfos               154/12288       11088/884736   ( 1.3%) 
texdata                 48/2048         1536/65536    ( 2.3%) 
dispinfos               25/0            4400/0        ( 0.0%) 
disp_verts             625/0           12500/0        ( 0.0%) 
disp_tris              800/0            1600/0        ( 0.0%) 
disp_lmsamples        2904/0            2904/0        ( 0.0%) 
faces                  737/65536       41272/3670016  ( 1.1%) 
hdr faces                0/65536           0/3670016  ( 0.0%) 
origfaces              265/65536       14840/3670016  ( 0.4%) 
leaves                 327/65536       10464/2097152  ( 0.5%) 
leaffaces              982/65536        1964/131072   ( 1.5%) 
leafbrushes            409/65536         818/131072   ( 0.6%) 
areas                    2/256            16/2048     ( 0.8%) 
surfedges             4475/512000      17900/2048000  ( 0.9%) 
edges                 2746/256000      10984/1024000  ( 1.1%) 
LDR worldlights         66/8192         5808/720896   ( 0.8%) 
HDR worldlights          0/8192            0/720896   ( 0.0%) 
waterstrips             63/32768         630/327680   ( 0.2%) 
waterverts               0/65536           0/786432   ( 0.0%) 
waterindices           891/65536        1782/131072   ( 1.4%) 
cubemapsamples           8/1024          128/16384    ( 0.8%) 
overlays                 3/512          1056/180224   ( 0.6%) 
LDR lightdata         [variable]      634296/0        ( 0.0%) 
HDR lightdata         [variable]           0/0        ( 0.0%) 
visdata               [variable]        5030/16777216 ( 0.0%) 
entdata               [variable]       39464/393216   (10.0%) 
LDR leaf ambient       327/65536        7848/1572864  ( 0.5%) 
HDR leaf ambient         0/65536           0/1572864  ( 0.0%) 
occluders                0/0               0/0        ( 0.0%) 
occluder polygons        0/0               0/0        ( 0.0%) 
occluder vert ind        0/0               0/0        ( 0.0%) 
detail props          [variable]           1/12       ( 8.3%) 
static props          [variable]           1/9176     ( 0.0%) 
pakfile               [variable]       96777/0        ( 0.0%) 

Level flags = 0

Win32 Specific Data:
physics               [variable]       55364/4194304  ( 1.3%) 
==== Total Win32 BSP file data space used: 1038671 bytes ====

Total triangle count: 1932
Writing c:\program files\steam\steamapps\neoglitch@inuyasha.nu\sourcesdk_content\dpb\mapsrc\dpb_ontop.bsp
16 seconds elapsed



materialPath: c:\program files\steam\steamapps\SourceMods\dpb\materials
Loading C:\Program Files\Steam\steamapps\neoglitch@inuyasha.nu\sourcesdk_content\dpb\mapsrc\dpb_ontop.vmf
fixing up env_cubemap materials on brush sides...
0...1...2...3...4...5...6...7...8...9...100...1...2...3...4...5...6...7...8...9...10Processing areas...done (0)
Building Faces...done (0)
Chop Details...done (0)
Find Visible Detail Sides...
Merged 56 detail faces...done (0)
Merging details...done (0)
FixTjuncs...
PruneNodes...
WriteBSP...
done (0)
writing C:\Program Files\Steam\steamapps\neoglitch@inuyasha.nu\sourcesdk_content\dpb\mapsrc\dpb_ontop.prt...done (0)
Creating default cubemaps for env_cubemap using skybox materials:
skybox/sky_day01_09*.vmt
Run buildcubemaps in the engine to get the correct cube maps.

No such variable "$hdrbasetexture" for material "skybox/sky_day01_09rt"
Can't load skybox file skybox/sky_day01_09 to build the default cubemap!
Finding displacement neighbors...
Finding lightmap sample positions...
Displacement Alpha : 0...1...2...3...4...5...6...7...8...9...10
Building Physics collision data...
done (0) (55364 bytes)
Placing detail props : 0...1...2...3...4...5...6...7...8...9...10
Compacting texture/material tables...
Reduced 308 texinfos to 154
Reduced 54 texdatas to 48 (1785 bytes to 1617)
Writing C:\Program Files\Steam\steamapps\neoglitch@inuyasha.nu\sourcesdk_content\dpb\mapsrc\dpb_ontop.bsp
3 seconds elapsed



1 threads
reading c:\program files\steam\steamapps\neoglitch@inuyasha.nu\sourcesdk_content\dpb\mapsrc\dpb_ontop.bsp
reading c:\program files\steam\steamapps\neoglitch@inuyasha.nu\sourcesdk_content\dpb\mapsrc\dpb_ontop.prt
 125 portalclusters
 401 numportals
0...1...2...3...4...5...6...7...8...9...10Optimized: 270 visible clusters (0.00%)
Total clusters visible: 12901
Average clusters visible: 103
Building PAS...
Average clusters audible: 125
visdatasize:5030  compressed from 4000
writing c:\program files\steam\steamapps\neoglitch@inuyasha.nu\sourcesdk_content\dpb\mapsrc\dpb_ontop.bsp
0 seconds elapsed



[Reading texlights from 'lights.rad']
[45 texlights parsed from 'lights.rad']

Loading c:\program files\steam\steamapps\neoglitch@inuyasha.nu\sourcesdk_content\dpb\mapsrc\dpb_ontop.bsp
737 faces
128954 square feet [18569398.00 square inches]
25 displacements
530 square feet [76438.29 square inches]
737 patches before subdivision
9599 patches after subdivision
66 direct lights
0...1...2...3...4...5...6...7...8...9...100...1...2...3...4...5...6...7...8...9...10transfers 1201823, max 514
transfer lists:   9.2 megs
0...1...2...3...4...5...6...7...8...9...10	Bounce #1 added RGB(15547, 23966, 16526)
0...1...2...3...4...5...6...7...8...9...10	Bounce #2 added RGB(1750, 2649, 1547)
0...1...2...3...4...5...6...7...8...9...10	Bounce #3 added RGB(244, 406, 188)
0...1...2...3...4...5...6...7...8...9...10	Bounce #4 added RGB(33, 57, 22)
0...1...2...3...4...5...6...7...8...9...10	Bounce #5 added RGB(5, 9, 3)
0...1...2...3...4...5...6...7...8...9...10	Bounce #6 added RGB(1, 1, 0)
0...1...2...3...4...5...6...7...8...9...10	Bounce #7 added RGB(0, 0, 0)
Build Patch/Sample Hash Table(s).....Done<0.0091 sec>
0...1...2...3...4...5...6...7...8...9...10FinalLightFace Done
0 of 0 (0% of) surface lights went in leaf ambient cubes.
ComputePerLeafAmbientLighting: 0...1...2...3...4...5...6...7...8...9...10
Ready to Finish

Object names       Objects/Maxobjs  Memory / Maxmem  Fullness 
------------       ---------------  ---------------  -------- 
models                   9/1024          432/49152    ( 0.9%) 
brushes                130/8192         1560/98304    ( 1.6%) 
brushsides             865/65536        6920/524288   ( 1.3%) 
planes                1062/65536       21240/1310720  ( 1.6%) 
vertexes              1492/65536       17904/786432   ( 2.3%) 
nodes                  317/65536       10144/2097152  ( 0.5%) 
texinfos               154/12288       11088/884736   ( 1.3%) 
texdata                 48/2048         1536/65536    ( 2.3%) 
dispinfos               25/0            4400/0        ( 0.0%) 
disp_verts             625/0           12500/0        ( 0.0%) 
disp_tris              800/0            1600/0        ( 0.0%) 
disp_lmsamples        2904/0            2904/0        ( 0.0%) 
faces                  737/65536       41272/3670016  ( 1.1%) 
hdr faces                0/65536           0/3670016  ( 0.0%) 
origfaces              265/65536       14840/3670016  ( 0.4%) 
leaves                 327/65536       10464/2097152  ( 0.5%) 
leaffaces              982/65536        1964/131072   ( 1.5%) 
leafbrushes            409/65536         818/131072   ( 0.6%) 
areas                    2/256            16/2048     ( 0.8%) 
surfedges             4475/512000      17900/2048000  ( 0.9%) 
edges                 2746/256000      10984/1024000  ( 1.1%) 
LDR worldlights         66/8192         5808/720896   ( 0.8%) 
HDR worldlights          0/8192            0/720896   ( 0.0%) 
waterstrips             63/32768         630/327680   ( 0.2%) 
waterverts               0/65536           0/786432   ( 0.0%) 
waterindices           891/65536        1782/131072   ( 1.4%) 
cubemapsamples           8/1024          128/16384    ( 0.8%) 
overlays                 3/512          1056/180224   ( 0.6%) 
LDR lightdata         [variable]      634296/0        ( 0.0%) 
HDR lightdata         [variable]           0/0        ( 0.0%) 
visdata               [variable]        5030/16777216 ( 0.0%) 
entdata               [variable]       39463/393216   (10.0%) 
LDR leaf ambient       327/65536        7848/1572864  ( 0.5%) 
HDR leaf ambient         0/65536           0/1572864  ( 0.0%) 
occluders                0/0               0/0        ( 0.0%) 
occluder polygons        0/0               0/0        ( 0.0%) 
occluder vert ind        0/0               0/0        ( 0.0%) 
detail props          [variable]           1/12       ( 8.3%) 
static props          [variable]           1/9176     ( 0.0%) 
pakfile               [variable]       96777/0        ( 0.0%) 

Level flags = 0

Win32 Specific Data:
physics               [variable]       55364/4194304  ( 1.3%) 
==== Total Win32 BSP file data space used: 1038670 bytes ====

Total triangle count: 1932
Writing c:\program files\steam\steamapps\neoglitch@inuyasha.nu\sourcesdk_content\dpb\mapsrc\dpb_ontop.bsp
15 seconds elapsed



materialPath: c:\program files\steam\steamapps\SourceMods\dpb\materials
Loading C:\Program Files\Steam\steamapps\neoglitch@inuyasha.nu\sourcesdk_content\dpb\mapsrc\dpb_ontop.vmf
fixing up env_cubemap materials on brush sides...
Material glass/glasswindowbreak070b is depending on itself through materialvar $crackmaterial! Ignoring...
Material glass/glasswindowbreak070b is depending on itself through materialvar $crackmaterial! Ignoring...
Material glass/glasswindowbreak070b is depending on itself through materialvar $crackmaterial! Ignoring...
0...1...2...3...4...5...6...7...8...9...100...1...2...3...4...5...6...7...8...9...10Processing areas...done (0)
Building Faces...done (0)
Occluder "" straddles multiple areas. This is invalid!
Occluder "" straddles multiple areas. This is invalid!
Occluder "" straddles multiple areas. This is invalid!
Chop Details...done (0)
Find Visible Detail Sides...
Merged 164 detail faces...done (0)
Merging details...done (0)
FixTjuncs...
PruneNodes...
WriteBSP...
done (1)
writing C:\Program Files\Steam\steamapps\neoglitch@inuyasha.nu\sourcesdk_content\dpb\mapsrc\dpb_ontop.prt...done (0)
Creating default cubemaps for env_cubemap using skybox materials:
skybox/sky_day01_09*.vmt
Run buildcubemaps in the engine to get the correct cube maps.

No such variable "$hdrbasetexture" for material "skybox/sky_day01_09rt"
Can't load skybox file skybox/sky_day01_09 to build the default cubemap!
Finding displacement neighbors...
Finding lightmap sample positions...
Displacement Alpha : 0...1...2...3...4...5...6...7...8...9...10
Building Physics collision data...
done (1) (282231 bytes)
Placing detail props : 0...1...2...3...4...5...6...7...8...9...10
Compacting texture/material tables...
Reduced 1550 texinfos to 900
Reduced 230 texdatas to 204 (7742 bytes to 6927)
Writing C:\Program Files\Steam\steamapps\neoglitch@inuyasha.nu\sourcesdk_content\dpb\mapsrc\dpb_ontop.bsp
6 seconds elapsed



materialPath: c:\program files\steam\steamapps\SourceMods\dpb\materials
Loading C:\Program Files\Steam\steamapps\neoglitch@inuyasha.nu\sourcesdk_content\dpb\mapsrc\dpb_ontop.vmf
fixing up env_cubemap materials on brush sides...
Material glass/glasswindowbreak070b is depending on itself through materialvar $crackmaterial! Ignoring...
Material glass/glasswindowbreak070b is depending on itself through materialvar $crackmaterial! Ignoring...
Material glass/glasswindowbreak070b is depending on itself through materialvar $crackmaterial! Ignoring...
0...1...2...3...4...5...6...7...8...9...100...1...2...3...4...5...6...7...8...9...10Processing areas...done (0)
Building Faces...done (0)
Occluder "" straddles multiple areas. This is invalid!
Occluder "" straddles multiple areas. This is invalid!
Occluder "" straddles multiple areas. This is invalid!
Chop Details...done (0)
Find Visible Detail Sides...
Merged 164 detail faces...done (0)
Merging details...done (0)
FixTjuncs...
PruneNodes...
WriteBSP...
done (0)
writing C:\Program Files\Steam\steamapps\neoglitch@inuyasha.nu\sourcesdk_content\dpb\mapsrc\dpb_ontop.prt...done (0)
Creating default cubemaps for env_cubemap using skybox materials:
skybox/sky_day01_09*.vmt
Run buildcubemaps in the engine to get the correct cube maps.

No such variable "$hdrbasetexture" for material "skybox/sky_day01_09rt"
Can't load skybox file skybox/sky_day01_09 to build the default cubemap!
Finding displacement neighbors...
Finding lightmap sample positions...
Displacement Alpha : 0...1...2...3...4...5...6...7...8...9...10
Building Physics collision data...
done (0) (282231 bytes)
Placing detail props : 0...1...2...3...4...5...6...7...8...9...10
Compacting texture/material tables...
Reduced 1550 texinfos to 900
Reduced 230 texdatas to 204 (7742 bytes to 6927)
Writing C:\Program Files\Steam\steamapps\neoglitch@inuyasha.nu\sourcesdk_content\dpb\mapsrc\dpb_ontop.bsp
8 seconds elapsed



1 threads
reading c:\program files\steam\steamapps\neoglitch@inuyasha.nu\sourcesdk_content\dpb\mapsrc\dpb_ontop.bsp
reading c:\program files\steam\steamapps\neoglitch@inuyasha.nu\sourcesdk_content\dpb\mapsrc\dpb_ontop.prt
 679 portalclusters
2222 numportals
0...1...2...3...4...5...6...7...8...9...100...1...2...3...4...5...6...7...8...9...10Optimized: 464 visible clusters (0.00%)
Total clusters visible: 161971
Average clusters visible: 238
Building PAS...
Average clusters audible: 505
visdatasize:99896  compressed from 119504
writing c:\program files\steam\steamapps\neoglitch@inuyasha.nu\sourcesdk_content\dpb\mapsrc\dpb_ontop.bsp
5 minutes, 36 seconds elapsed



[Reading texlights from 'lights.rad']
[45 texlights parsed from 'lights.rad']

Loading c:\program files\steam\steamapps\neoglitch@inuyasha.nu\sourcesdk_content\dpb\mapsrc\dpb_ontop.bsp
3265 faces
1132721 square feet [163111920.00 square inches]
97 displacements
260482 square feet [37509412.00 square inches]
3265 patches before subdivision
52179 patches after subdivision
156 direct lights
0...1...2...3...4...5...6...7...8...9...100...1...2...3...4...5...6...7...8...9...10transfers 9041131, max 1027
transfer lists:  69.0 megs
0...1...2...3...4...5...6...7...8...9...10	Bounce #1 added RGB(81439, 136655, 104778)
0...1...2...3...4...5...6...7...8...9...10	Bounce #2 added RGB(12117, 23668, 12304)
0...1...2...3...4...5...6...7...8...9...10	Bounce #3 added RGB(2175, 4583, 2095)
0...1...2...3...4...5...6...7...8...9...10	Bounce #4 added RGB(437, 924, 340)
0...1...2...3...4...5...6...7...8...9...10	Bounce #5 added RGB(92, 193, 67)
0...1...2...3...4...5...6...7...8...9...10	Bounce #6 added RGB(21, 42, 13)
0...1...2...3...4...5...6...7...8...9...10	Bounce #7 added RGB(5, 9, 3)
0...1...2...3...4...5...6...7...8...9...10	Bounce #8 added RGB(1, 2, 1)
0...1...2...3...4...5...6...7...8...9...10	Bounce #9 added RGB(0, 1, 0)
Build Patch/Sample Hash Table(s).....Done<0.0662 sec>
0...1...2...3...4...5...6...7...8...9...10FinalLightFace Done
0 of 14 (0% of) surface lights went in leaf ambient cubes.
ComputePerLeafAmbientLighting: 0...1...2...3...4...5...6...7...8...9...10
Ready to Finish

Object names       Objects/Maxobjs  Memory / Maxmem  Fullness 
------------       ---------------  ---------------  -------- 
models                  49/1024         2352/49152    ( 4.8%) 
brushes                702/8192         8424/98304    ( 8.6%) 
brushsides            4649/65536       37192/524288   ( 7.1%) 
planes                3524/65536       70480/1310720  ( 5.4%) 
vertexes              7150/65536       85800/786432   (10.9%) 
nodes                 1604/65536       51328/2097152  ( 2.4%) 
texinfos               900/12288       64800/884736   ( 7.3%) 
texdata                204/2048         6528/65536    (10.0%) 
dispinfos               97/0           17072/0        ( 0.0%) 
disp_verts            6761/0          135220/0        ( 0.0%) 
disp_tris            10592/0           21184/0        ( 0.0%) 
disp_lmsamples      614489/0          614489/0        ( 0.0%) 
faces                 3265/65536      182840/3670016  ( 5.0%) 
hdr faces                0/65536           0/3670016  ( 0.0%) 
origfaces             1821/65536      101976/3670016  ( 2.8%) 
leaves                1654/65536       52928/2097152  ( 2.5%) 
leaffaces             3936/65536        7872/131072   ( 6.0%) 
leafbrushes           1654/65536        3308/131072   ( 2.5%) 
areas                    5/256            40/2048     ( 2.0%) 
surfedges            23227/512000      92908/2048000  ( 4.5%) 
edges                15209/256000      60836/1024000  ( 5.9%) 
LDR worldlights        155/8192        13640/720896   ( 1.9%) 
HDR worldlights          0/8192            0/720896   ( 0.0%) 
waterstrips            391/32768        3910/327680   ( 1.2%) 
waterverts               0/65536           0/786432   ( 0.0%) 
waterindices          7437/65536       14874/131072   (11.3%) 
cubemapsamples          38/1024          608/16384    ( 3.7%) 
overlays                 8/512          2816/180224   ( 1.6%) 
LDR lightdata         [variable]     3151784/0        ( 0.0%) 
HDR lightdata         [variable]           0/0        ( 0.0%) 
visdata               [variable]       99896/16777216 ( 0.6%) 
entdata               [variable]      117638/393216   (29.9%) 
LDR leaf ambient      1654/65536       39696/1572864  ( 2.5%) 
HDR leaf ambient         0/65536           0/1572864  ( 0.0%) 
occluders                1/0              40/0        ( 0.0%) 
occluder polygons        2/0              24/0        ( 0.0%) 
occluder vert ind        8/0              32/0        ( 0.0%) 
detail props          [variable]           1/12       ( 8.3%) 
static props          [variable]           1/33836    ( 0.0%) 
pakfile               [variable]      420595/0        ( 0.0%) 

Level flags = 0

Win32 Specific Data:
physics               [variable]      282231/4194304  ( 6.7%) 
==== Total Win32 BSP file data space used: 5765363 bytes ====

Total triangle count: 9368
Writing c:\program files\steam\steamapps\neoglitch@inuyasha.nu\sourcesdk_content\dpb\mapsrc\dpb_ontop.bsp
15 minutes, 29 seconds elapsed
