PRT1
55
119
4 0 24 (1184 0 0 ) (1184 0 512 ) (1024 0 512 ) (1024 0 0 ) 
4 0 6 (1024 0 0 ) (1024 0 128 ) (1024 1024 128 ) (1024 1024 0 ) 
4 0 3 (1024 0 128 ) (1024 0 176 ) (1024 128 176 ) (1024 128 128 ) 
4 0 2 (1024 0 176 ) (1024 0 512 ) (1024 128 512 ) (1024 128 176 ) 
4 0 1 (1024 128 512 ) (1024 1024 512 ) (1024 1024 128 ) (1024 128 128 ) 
4 1 10 (0 1024 512 ) (0 1024 128 ) (0 128 128 ) (0 128 512 ) 
4 1 8 (0 144 128 ) (0 1024 128 ) (144 1024 128 ) (144 144 128 ) 
4 1 7 (144 1024 128 ) (160 1024 128 ) (160 128 128 ) (144 128 128 ) 
4 1 6 (160 1024 128 ) (1024 1024 128 ) (1024 128 128 ) (160 128 128 ) 
4 1 4 (9 128 176 ) (9 128 512 ) (0 128 512 ) (0 128 176 ) 
4 1 3 (144 128 128 ) (1024 128 128 ) (1024 128 176 ) (144 128 176 ) 
4 1 2 (1024 128 176 ) (1024 128 512 ) (9 128 512 ) (9 128 176 ) 
4 2 26 (144 0 512 ) (9 0 512 ) (9 0 176 ) (144 0 176 ) 
4 2 25 (1024 0 176 ) (1024 0 512 ) (144 0 512 ) (144 0 176 ) 
4 2 4 (9 128 512 ) (9 128 176 ) (9 0 176 ) (9 0 512 ) 
4 2 3 (1024 0 176 ) (144 0 176 ) (144 128 176 ) (1024 128 176 ) 
4 3 25 (1024 0 128 ) (1024 0 176 ) (144 0 176 ) (144 0 128 ) 
4 3 6 (160 128 128 ) (1024 128 128 ) (1024 0 128 ) (160 0 128 ) 
4 4 28 (0 0 512 ) (0 0 176 ) (9 0 176 ) (9 0 512 ) 
4 4 12 (0 0 176 ) (0 0 512 ) (0 61 512 ) (0 61 176 ) 
4 4 11 (0 61 512 ) (0 128 512 ) (0 128 176 ) (0 61 176 ) 
4 5 29 (0 0 144 ) (0 0 128 ) (9 0 128 ) (9 0 144 ) 
4 5 13 (0 0 128 ) (0 0 144 ) (0 61 144 ) (0 61 128 ) 
4 5 9 (0 0 128 ) (0 61 128 ) (9 61 128 ) (9 0 128 ) 
4 6 35 (1024 0 0 ) (1024 0 128 ) (160 0 128 ) (160 0 0 ) 
4 6 7 (160 1024 0 ) (160 128 0 ) (160 128 128 ) (160 1024 128 ) 
4 7 8 (144 1024 0 ) (144 144 0 ) (144 144 128 ) (144 1024 128 ) 
4 8 20 (0 144 128 ) (0 1024 128 ) (0 1024 0 ) (0 144 0 ) 
4 9 36 (128 0 128 ) (0 0 128 ) (0 0 0 ) (128 0 0 ) 
4 9 35 (144 0 128 ) (128 0 128 ) (128 0 0 ) (144 0 0 ) 
4 9 21 (0 0 0 ) (0 0 128 ) (0 128 128 ) (0 128 0 ) 
4 10 23 (-704 1024 128 ) (-272 1024 128 ) (-272 128 128 ) (-704 128 128 ) 
4 10 22 (-272 1024 128 ) (-256 1024 128 ) (-256 128 128 ) (-272 128 128 ) 
4 10 20 (-256 1024 128 ) (0 1024 128 ) (0 144 128 ) (-256 144 128 ) 
4 10 19 (-704 128 128 ) (-256 128 128 ) (-256 128 512 ) (-704 128 512 ) 
4 10 18 (-189 128 176 ) (-189 128 512 ) (-256 128 512 ) (-256 128 176 ) 
4 10 15 (-124 128 176 ) (-124 128 512 ) (-189 128 512 ) (-189 128 176 ) 
4 10 14 (-56 128 176 ) (-56 128 512 ) (-124 128 512 ) (-124 128 176 ) 
4 10 11 (0 128 176 ) (0 128 512 ) (-56 128 512 ) (-56 128 176 ) 
4 11 14 (-56 128 512 ) (-56 128 176 ) (-56 61 176 ) (-56 61 512 ) 
4 11 12 (0 61 512 ) (-56 61 512 ) (-56 61 176 ) (0 61 176 ) 
4 12 38 (0 0 176 ) (0 0 512 ) (-56 0 512 ) (-56 0 176 ) 
4 12 14 (-56 0 176 ) (-56 0 512 ) (-56 61 512 ) (-56 61 176 ) 
4 13 39 (0 0 128 ) (0 0 144 ) (-56 0 144 ) (-56 0 128 ) 
4 13 21 (0 0 128 ) (-56 0 128 ) (-56 61 128 ) (0 61 128 ) 
4 14 42 (-124 0 512 ) (-124 0 176 ) (-56 0 176 ) (-56 0 512 ) 
4 14 16 (-124 61 176 ) (-124 0 176 ) (-124 0 512 ) (-124 61 512 ) 
4 14 15 (-124 128 512 ) (-124 128 176 ) (-124 61 176 ) (-124 61 512 ) 
4 15 18 (-189 61 512 ) (-189 128 512 ) (-189 128 176 ) (-189 61 176 ) 
4 15 16 (-189 61 512 ) (-189 61 176 ) (-124 61 176 ) (-124 61 512 ) 
4 16 44 (-124 0 176 ) (-124 0 512 ) (-189 0 512 ) (-189 0 176 ) 
4 16 18 (-189 0 512 ) (-189 61 512 ) (-189 61 176 ) (-189 0 176 ) 
4 17 45 (-189 0 128 ) (-124 0 128 ) (-124 0 144 ) (-189 0 144 ) 
4 17 21 (-124 0 128 ) (-189 0 128 ) (-189 61 128 ) (-124 61 128 ) 
4 18 48 (-189 0 176 ) (-189 0 512 ) (-256 0 512 ) (-256 0 176 ) 
4 18 19 (-256 0 512 ) (-256 128 512 ) (-256 128 176 ) (-256 0 176 ) 
4 19 50 (-704 0 128 ) (-256 0 128 ) (-256 0 512 ) (-704 0 512 ) 
4 19 23 (-272 0 128 ) (-704 0 128 ) (-704 128 128 ) (-272 128 128 ) 
4 20 22 (-256 1024 0 ) (-256 144 0 ) (-256 144 128 ) (-256 1024 128 ) 
4 21 51 (0 0 0 ) (0 0 128 ) (-256 0 128 ) (-256 0 0 ) 
4 22 23 (-272 1024 0 ) (-272 128 0 ) (-272 128 128 ) (-272 1024 128 ) 
4 23 54 (-272 0 128 ) (-704 0 128 ) (-704 0 0 ) (-272 0 0 ) 
4 24 35 (1024 0 128 ) (1024 0 0 ) (1024 -1024 0 ) (1024 -1024 128 ) 
4 24 25 (1024 0 512 ) (1024 0 128 ) (1024 -1024 128 ) (1024 -1024 512 ) 
4 25 35 (144 0 128 ) (1024 0 128 ) (1024 -1024 128 ) (144 -1024 128 ) 
4 25 26 (144 -272 176 ) (144 -272 512 ) (144 0 512 ) (144 0 176 ) 
4 25 27 (144 -272 128 ) (144 -1024 128 ) (144 -1024 512 ) (144 -272 512 ) 
4 26 33 (9 -137 176 ) (9 -272 176 ) (9 -272 512 ) (9 -137 512 ) 
4 26 31 (9 -72 176 ) (9 -137 176 ) (9 -137 512 ) (9 -72 512 ) 
4 26 30 (9 -4 176 ) (9 -72 176 ) (9 -72 512 ) (9 -4 512 ) 
4 26 28 (9 0 512 ) (9 0 176 ) (9 -4 176 ) (9 -4 512 ) 
4 26 27 (144 -272 176 ) (144 -272 512 ) (9 -272 512 ) (9 -272 176 ) 
4 27 37 (128 -1024 128 ) (9 -1024 128 ) (9 -288 128 ) (128 -288 128 ) 
4 27 35 (144 -272 128 ) (144 -1024 128 ) (128 -1024 128 ) (128 -272 128 ) 
4 27 34 (9 -272 128 ) (9 -1024 128 ) (9 -1024 512 ) (9 -272 512 ) 
4 28 38 (0 0 512 ) (0 0 176 ) (0 -4 176 ) (0 -4 512 ) 
4 28 30 (9 -4 176 ) (9 -4 512 ) (0 -4 512 ) (0 -4 176 ) 
4 29 39 (0 0 144 ) (0 0 128 ) (0 -4 128 ) (0 -4 144 ) 
4 29 36 (0 0 128 ) (9 0 128 ) (9 -4 128 ) (0 -4 128 ) 
4 30 38 (0 -72 176 ) (0 -72 512 ) (0 -4 512 ) (0 -4 176 ) 
4 30 31 (9 -72 176 ) (9 -72 512 ) (0 -72 512 ) (0 -72 176 ) 
4 31 38 (0 -137 176 ) (0 -137 512 ) (0 -72 512 ) (0 -72 176 ) 
4 31 33 (9 -137 176 ) (9 -137 512 ) (0 -137 512 ) (0 -137 176 ) 
4 32 40 (0 -72 128 ) (0 -137 128 ) (0 -137 144 ) (0 -72 144 ) 
4 32 36 (9 -72 128 ) (9 -137 128 ) (0 -137 128 ) (0 -72 128 ) 
4 33 38 (0 -272 176 ) (0 -272 512 ) (0 -137 512 ) (0 -137 176 ) 
4 33 34 (9 -272 176 ) (9 -272 512 ) (0 -272 512 ) (0 -272 176 ) 
4 34 41 (0 -272 128 ) (0 -1024 128 ) (0 -1024 176 ) (0 -272 176 ) 
4 34 38 (0 -1024 176 ) (0 -1024 512 ) (0 -272 512 ) (0 -272 176 ) 
4 34 37 (9 -288 128 ) (9 -1024 128 ) (0 -1024 128 ) (0 -288 128 ) 
4 35 36 (128 0 0 ) (128 -272 0 ) (128 -272 128 ) (128 0 128 ) 
4 35 37 (128 -288 0 ) (128 -1024 0 ) (128 -1024 128 ) (128 -288 128 ) 
4 36 51 (0 0 128 ) (0 0 0 ) (0 -272 0 ) (0 -272 128 ) 
4 37 52 (0 -288 0 ) (0 -1024 0 ) (0 -1024 128 ) (0 -288 128 ) 
4 38 42 (-56 -1024 176 ) (-56 -1024 512 ) (-56 0 512 ) (-56 0 176 ) 
4 38 41 (-56 -1024 176 ) (-56 -272 176 ) (0 -272 176 ) (0 -1024 176 ) 
4 39 51 (-56 -4 128 ) (-56 0 128 ) (0 0 128 ) (0 -4 128 ) 
4 40 51 (-56 -137 128 ) (-56 -72 128 ) (0 -72 128 ) (0 -137 128 ) 
4 41 52 (0 -1024 128 ) (-56 -1024 128 ) (-56 -288 128 ) (0 -288 128 ) 
4 41 43 (-56 -272 128 ) (-56 -1024 128 ) (-56 -1024 176 ) (-56 -272 176 ) 
4 42 44 (-124 0 512 ) (-124 0 176 ) (-124 -1024 176 ) (-124 -1024 512 ) 
4 42 43 (-124 -1024 176 ) (-124 -272 176 ) (-56 -272 176 ) (-56 -1024 176 ) 
4 43 52 (-56 -1024 128 ) (-124 -1024 128 ) (-124 -288 128 ) (-56 -288 128 ) 
4 43 47 (-124 -272 128 ) (-124 -1024 128 ) (-124 -1024 176 ) (-124 -272 176 ) 
4 44 48 (-189 -272 512 ) (-189 0 512 ) (-189 0 176 ) (-189 -272 176 ) 
4 44 49 (-189 -1024 176 ) (-189 -1024 512 ) (-189 -272 512 ) (-189 -272 176 ) 
4 44 47 (-189 -1024 176 ) (-189 -272 176 ) (-124 -272 176 ) (-124 -1024 176 ) 
4 45 51 (-189 -4 128 ) (-189 0 128 ) (-124 0 128 ) (-124 -4 128 ) 
4 46 51 (-189 -137 128 ) (-189 -72 128 ) (-124 -72 128 ) (-124 -137 128 ) 
4 47 52 (-124 -1024 128 ) (-189 -1024 128 ) (-189 -288 128 ) (-124 -288 128 ) 
4 47 49 (-189 -272 128 ) (-189 -1024 128 ) (-189 -1024 176 ) (-189 -272 176 ) 
4 48 50 (-256 -272 176 ) (-256 -272 512 ) (-256 0 512 ) (-256 0 176 ) 
4 48 49 (-256 -272 512 ) (-256 -272 176 ) (-189 -272 176 ) (-189 -272 512 ) 
4 49 52 (-189 -1024 128 ) (-256 -1024 128 ) (-256 -288 128 ) (-189 -288 128 ) 
4 49 50 (-256 -272 128 ) (-256 -1024 128 ) (-256 -1024 512 ) (-256 -272 512 ) 
4 50 54 (-272 -1024 128 ) (-704 -1024 128 ) (-704 0 128 ) (-272 0 128 ) 
4 50 53 (-256 -1024 128 ) (-272 -1024 128 ) (-272 -272 128 ) (-256 -272 128 ) 
4 52 53 (-256 -288 0 ) (-256 -1024 0 ) (-256 -1024 128 ) (-256 -288 128 ) 
4 53 54 (-272 -272 0 ) (-272 -1024 0 ) (-272 -1024 128 ) (-272 -272 128 ) 
