"blank"		"=========================="
"blank"		"#Valve_Movement_Title"
"blank"		"=========================="
"+forward"	"#Valve_Move_Forward"
"+back"		"#Valve_Move_Back"
"+moveleft"	"#Valve_Move_Left"
"+moveright"	"#Valve_Move_Right"
"+speed"       	"#Valve_Walk"
"+jump"		"#Valve_Jump"
"+duck"		"#Valve_Duck"
"+lean"		"Lean"
"+speed"	"Sprint"
"blank"		"=========================="
"blank"		"#Valve_Combat_Title"
"blank"		"=========================="
"+attack"	"Fire Marker"
"+attack2"	"Pump Marker"
"+reload"	"Reload Marker"
"blank"		"=========================="
"blank"		"#Valve_Miscellaneous_Title"
"blank"		"=========================="
"joingame" 	"Join Arena"
"quitgame" 	"Leave Arena"
"ShowChangeTeam" "Change Team..."
"ShowChangeSkin" "Change Gear/Appearance..."
"ShowChangeGun" "Change Marker..."
"+use"		"Interact with environment"
"jpeg"		"#Valve_Take_Screen_Shot"
"toggleconsole" "Console"
"quit"		"#Valve_Quit_Game"
"blank"		"=========================="
"blank"		"#Valve_Communication_Title"
"blank"		"=========================="
"+voicerecord"	"#Valve_Use_Voice_Communication"
"say"		"#Valve_Chat_Message"
"say_team"	"#Valve_Team_Message"
"+showscores"	"#Valve_Display_Scores"
"blank"		"=========================="
"blank"		"#Valve_Miscellaneous_Keyboard_Keys_Title"
"blank"		"=========================="
"+left"		"#Valve_Turn_Left"
"+right"	"#Valve_Turn_Right"
"+moveup"	"#Valve_Swim_Up"
"+movedown"	"#Valve_Swim_Down"
"+lookup"	"#Valve_Look_Up"
"+lookdown"	"#Valve_Look_Down"
"centerview"	"Centerview"
"+strafe"	"#Valve_Strafe_Modifier"
"+mlook"	"#Valve_Mouse_Look_Modifier"
"+klook"	"#Valve_Keyboard_Look_Modifier"

