"toggleconsole"        	"Console"
"ESCAPE" 			"cancelselect"
"`" 			"toggleconsole"
"w"			"+forward"
"s"			"+back"
"a"			"+moveleft"
"d"			"+moveright"
"e"			"+use"
"SPACE"			"+jump"
"SHIFT"			"+speed"
"j"			"joingame"
"k"			"quitgame"
"C"			"ShowChangeTeam"
"g"			"ShowChangeSkin"
"b"			"ShowChangeGun"
"CTRL"			"+duck"
"r"			"+reload"
"ALT"			"+walk"
"MOUSE1"			"+attack"
"MOUSE2"			"+attack2"
"1"			"slot1"
"2"			"slot2"
"3"			"slot3"
"4"			"slot4"
"5"			"slot5"
"6"			"slot6"
"7"			"slot7"
"8"			"slot8"
"9"			"slot9"
"0"			"slot10"
"q"			"+lean"
"F5"			"jpeg"
"'"			"+showbudget"
"TAB" 			"+showscores"
"y"			"messagemode"
"u"      			"messagemode2"
"enter" 			"messagemode"
"kp_enter"			"+voicerecord"
"v"			"+voicerecord"
